\BOOKMARK [1][-]{section.1}{\376\377\000B\000a\000c\000k\000g\000r\000o\000u\000n\000d}{}% 1
\BOOKMARK [1][-]{section.2}{\376\377\000P\000r\000o\000g\000r\000a\000m\000s\000\040\000u\000s\000e\000d\000\040\000i\000n\000\040\000t\000h\000i\000s\000\040\000e\000x\000e\000r\000c\000i\000s\000e}{}% 2
\BOOKMARK [2][-]{subsubsection.2.0.1}{\376\377\000B\000E\000A\000S\000T\0002\000\040\000-\000\040\000B\000a\000y\000e\000s\000i\000a\000n\000\040\000E\000v\000o\000l\000u\000t\000i\000o\000n\000a\000r\000y\000\040\000A\000n\000a\000l\000y\000s\000i\000s\000\040\000S\000a\000m\000p\000l\000i\000n\000g\000\040\000T\000r\000e\000e\000s}{section.2}% 3
\BOOKMARK [3][-]{subsubsection.2.0.2}{\376\377\000B\000E\000A\000U\000t\000i\0002\000\040\000-\000\040\000B\000a\000y\000e\000s\000i\000a\000n\000\040\000E\000v\000o\000l\000u\000t\000i\000o\000n\000a\000r\000y\000\040\000A\000n\000a\000l\000y\000s\000i\000s\000\040\000U\000t\000i\000l\000i\000t\000y}{subsubsection.2.0.1}% 4
\BOOKMARK [3][-]{subsubsection.2.0.3}{\376\377\000T\000r\000e\000e\000A\000n\000n\000o\000t\000a\000t\000o\000r}{subsubsection.2.0.1}% 5
\BOOKMARK [3][-]{subsubsection.2.0.4}{\376\377\000T\000r\000a\000c\000e\000r}{subsubsection.2.0.1}% 6
\BOOKMARK [3][-]{subsubsection.2.0.5}{\376\377\000F\000i\000g\000T\000r\000e\000e}{subsubsection.2.0.1}% 7
\BOOKMARK [1][-]{section.3}{\376\377\000P\000r\000a\000c\000t\000i\000c\000a\000l\000:\000\040\000H\0003\000N\0002\000\040\000f\000l\000u\000\040\000d\000y\000n\000a\000m\000i\000c\000s\000\040\000-\000\040\000H\000e\000t\000e\000r\000o\000c\000h\000r\000o\000n\000o\000u\000s\000\040\000d\000a\000t\000a}{}% 8
\BOOKMARK [2][-]{subsection.3.1}{\376\377\000T\000h\000e\000\040\000d\000a\000t\000a}{section.3}% 9
\BOOKMARK [2][-]{subsection.3.2}{\376\377\000C\000r\000e\000a\000t\000i\000n\000g\000\040\000t\000h\000e\000\040\000a\000n\000a\000l\000y\000s\000i\000s\000\040\000f\000i\000l\000e\000\040\000w\000i\000t\000h\000\040\000B\000E\000A\000U\000t\000i}{section.3}% 10
\BOOKMARK [3][-]{subsubsection.3.2.1}{\376\377\000I\000n\000s\000t\000a\000l\000l\000i\000n\000g\000\040\000B\000E\000A\000S\000T\0002\000\040\000p\000a\000c\000k\000a\000g\000e\000s}{subsection.3.2}% 11
\BOOKMARK [3][-]{subsubsection.3.2.2}{\376\377\000I\000m\000p\000o\000r\000t\000i\000n\000g\000\040\000t\000h\000e\000\040\000a\000l\000i\000g\000n\000m\000e\000n\000t}{subsection.3.2}% 12
\BOOKMARK [3][-]{subsubsection.3.2.3}{\376\377\000S\000e\000t\000t\000i\000n\000g\000\040\000u\000p\000\040\000t\000i\000p\000\040\000d\000a\000t\000e\000s}{subsection.3.2}% 13
\BOOKMARK [3][-]{subsubsection.3.2.4}{\376\377\000S\000p\000e\000c\000i\000f\000y\000i\000n\000g\000\040\000t\000h\000e\000\040\000S\000i\000t\000e\000\040\000M\000o\000d\000e\000l}{subsection.3.2}% 14
\BOOKMARK [3][-]{subsubsection.3.2.5}{\376\377\000S\000p\000e\000c\000i\000f\000y\000i\000n\000g\000\040\000t\000h\000e\000\040\000C\000l\000o\000c\000k\000\040\000M\000o\000d\000e\000l}{subsection.3.2}% 15
\BOOKMARK [3][-]{subsubsection.3.2.6}{\376\377\000S\000p\000e\000c\000i\000f\000y\000i\000n\000g\000\040\000P\000r\000i\000o\000r\000s}{subsection.3.2}% 16
\BOOKMARK [3][-]{subsubsection.3.2.7}{\376\377\000M\000C\000M\000C}{subsection.3.2}% 17
\BOOKMARK [3][-]{subsubsection.3.2.8}{\376\377\000R\000u\000n\000n\000i\000n\000g\000\040\000t\000h\000e\000\040\000a\000n\000a\000l\000y\000s\000i\000s}{subsection.3.2}% 18
\BOOKMARK [3][-]{subsubsection.3.2.9}{\376\377\000A\000n\000a\000l\000y\000s\000i\000n\000g\000\040\000t\000h\000e\000\040\000r\000e\000s\000u\000l\000t\000s}{subsection.3.2}% 19
\BOOKMARK [1][-]{section.4}{\376\377\000P\000r\000a\000c\000t\000i\000c\000a\000l\000:\000\040\000H\0003\000N\0002\000\040\000f\000l\000u\000\040\000d\000y\000n\000a\000m\000i\000c\000s\000\040\000-\000\040\000H\000o\000m\000o\000c\000h\000r\000o\000n\000o\000u\000s\000\040\000d\000a\000t\000a}{}% 20
\BOOKMARK [2][-]{subsection.4.1}{\376\377\000E\000s\000t\000i\000m\000a\000t\000i\000n\000g\000\040\000t\000h\000e\000\040\000s\000u\000b\000s\000t\000i\000t\000u\000t\000i\000o\000n\000\040\000r\000a\000t\000e\000\040\000f\000r\000o\000m\000\040\000h\000o\000m\000o\000c\000h\000r\000o\000n\000o\000u\000s\000\040\000d\000a\000t\000a}{section.4}% 21
\BOOKMARK [3][-]{subsubsection.4.1.1}{\376\377\000C\000r\000e\000a\000t\000i\000n\000g\000\040\000T\000a\000x\000o\000n\000\040\000S\000e\000t\000s}{subsection.4.1}% 22
\BOOKMARK [1][-]{section.5}{\376\377\000C\000o\000m\000p\000a\000r\000i\000s\000o\000n\000\040\000b\000e\000t\000w\000e\000e\000n\000\040\000r\000u\000n\000s}{}% 23
\BOOKMARK [1][-]{section.6}{\376\377\000U\000s\000e\000f\000u\000l\000\040\000L\000i\000n\000k\000s}{}% 24
