\BOOKMARK [1][-]{section.1}{Introduction}{}% 1
\BOOKMARK [2][-]{subsection.1.1}{Software Requirements}{section.1}% 2
\BOOKMARK [3][-]{subsubsection.1.1.1}{BEAST2 - Bayesian Evolutionary Analysis Sampling Trees}{subsection.1.1}% 3
\BOOKMARK [3][-]{subsubsection.1.1.2}{BEAUti2 - Bayesian Evolutionary Analysis Utility}{subsection.1.1}% 4
\BOOKMARK [3][-]{subsubsection.1.1.3}{TreeAnnotator}{subsection.1.1}% 5
\BOOKMARK [3][-]{subsubsection.1.1.4}{Tracer}{subsection.1.1}% 6
\BOOKMARK [3][-]{subsubsection.1.1.5}{IcyTree}{subsection.1.1}% 7
\BOOKMARK [2][-]{subsection.1.2}{Installing the bdmm package}{section.1}% 8
\BOOKMARK [1][-]{section.2}{Setting up the analysis using BEAUti}{}% 9
\BOOKMARK [2][-]{subsection.2.1}{Loading the Template}{section.2}% 10
\BOOKMARK [2][-]{subsection.2.2}{Loading the data}{section.2}% 11
\BOOKMARK [2][-]{subsection.2.3}{Setting up dates}{section.2}% 12
\BOOKMARK [2][-]{subsection.2.4}{Setting up locations}{section.2}% 13
\BOOKMARK [2][-]{subsection.2.5}{Setting the substitution model}{section.2}% 14
\BOOKMARK [2][-]{subsection.2.6}{Setting the clock model}{section.2}% 15
\BOOKMARK [2][-]{subsection.2.7}{Adjusting Priors}{section.2}% 16
\BOOKMARK [3][-]{subsubsection.2.7.1}{Setting up the bdmm tree prior}{subsection.2.7}% 17
\BOOKMARK [3][-]{subsubsection.2.7.2}{Setting up other priors}{subsection.2.7}% 18
\BOOKMARK [2][-]{subsection.2.8}{Saving the configuration}{section.2}% 19
\BOOKMARK [1][-]{section.3}{Running the analysis using BEAST}{}% 20
\BOOKMARK [1][-]{section.4}{Analyzing the results}{}% 21
\BOOKMARK [2][-]{subsection.4.1}{Parameter log file analysis}{section.4}% 22
\BOOKMARK [2][-]{subsection.4.2}{Tree log visualization}{section.4}% 23
\BOOKMARK [2][-]{subsection.4.3}{Producing a summary tree using TreeAnnotator}{section.4}% 24
\BOOKMARK [1][-]{section.5}{Acknowledgment}{}% 25
\BOOKMARK [1][-]{section.6}{Useful Links}{}% 26
