\BOOKMARK [1][-]{section.1}{\376\377\000B\000a\000c\000k\000g\000r\000o\000u\000n\000d}{}% 1
\BOOKMARK [1][-]{section.2}{\376\377\000P\000r\000o\000g\000r\000a\000m\000s\000\040\000u\000s\000e\000d\000\040\000i\000n\000\040\000t\000h\000i\000s\000\040\000E\000x\000e\000r\000c\000i\000s\000e}{}% 2
\BOOKMARK [2][-]{subsubsection.2.0.1}{\376\377\000B\000E\000A\000S\000T\0002\000\040\000-\000\040\000B\000a\000y\000e\000s\000i\000a\000n\000\040\000E\000v\000o\000l\000u\000t\000i\000o\000n\000a\000r\000y\000\040\000A\000n\000a\000l\000y\000s\000i\000s\000\040\000S\000a\000m\000p\000l\000i\000n\000g\000\040\000T\000r\000e\000e\000s\000\040\0002}{section.2}% 3
\BOOKMARK [3][-]{subsubsection.2.0.2}{\376\377\000B\000E\000A\000U\000t\000i\000\040\040\023\000\040\000B\000a\000y\000e\000s\000i\000a\000n\000\040\000E\000v\000o\000l\000u\000t\000i\000o\000n\000a\000r\000y\000\040\000A\000n\000a\000l\000y\000s\000i\000s\000\040\000U\000t\000i\000l\000i\000t\000y}{subsubsection.2.0.1}% 4
\BOOKMARK [3][-]{subsubsection.2.0.3}{\376\377\000T\000r\000e\000e\000A\000n\000n\000o\000t\000a\000t\000o\000r}{subsubsection.2.0.1}% 5
\BOOKMARK [3][-]{subsubsection.2.0.4}{\376\377\000T\000r\000a\000c\000e\000r}{subsubsection.2.0.1}% 6
\BOOKMARK [1][-]{section.3}{\376\377\000P\000r\000a\000c\000t\000i\000c\000a\000l\000:\000\040\000s\000p\000e\000c\000i\000e\000s\000\040\000d\000e\000l\000i\000m\000i\000t\000a\000t\000i\000o\000n}{}% 7
\BOOKMARK [2][-]{subsection.3.1}{\376\377\000D\000a\000t\000a\000s\000e\000t}{section.3}% 8
\BOOKMARK [2][-]{subsection.3.2}{\376\377\000S\000e\000t\000t\000i\000n\000g\000\040\000u\000p\000\040\000t\000h\000e\000\040\000X\000M\000L\000\040\000f\000i\000l\000e}{section.3}% 9
\BOOKMARK [3][-]{subsubsection.3.2.1}{\376\377\000P\000a\000c\000k\000a\000g\000e\000\040\000i\000n\000s\000t\000a\000l\000l\000a\000t\000i\000o\000n}{subsection.3.2}% 10
\BOOKMARK [3][-]{subsubsection.3.2.2}{\376\377\000S\000e\000t\000t\000i\000n\000g\000\040\000t\000h\000e\000\040\000t\000e\000m\000p\000l\000a\000t\000e}{subsection.3.2}% 11
\BOOKMARK [3][-]{subsubsection.3.2.3}{\376\377\000I\000m\000p\000o\000r\000t\000i\000n\000g\000\040\000t\000h\000e\000\040\000S\000N\000P\000\040\000d\000a\000t\000a}{subsection.3.2}% 12
\BOOKMARK [3][-]{subsubsection.3.2.4}{\376\377\000D\000e\000f\000i\000n\000i\000n\000g\000\040\000s\000p\000e\000c\000i\000e\000s}{subsection.3.2}% 13
\BOOKMARK [3][-]{subsubsection.3.2.5}{\376\377\000S\000e\000t\000t\000i\000n\000g\000\040\000t\000h\000e\000\040\000m\000o\000d\000e\000l\000\040\000p\000a\000r\000a\000m\000e\000t\000e\000r\000s}{subsection.3.2}% 14
\BOOKMARK [3][-]{subsubsection.3.2.6}{\376\377\000D\000e\000f\000i\000n\000i\000n\000g\000\040\000t\000h\000e\000\040\000p\000r\000i\000o\000r\000s}{subsection.3.2}% 15
\BOOKMARK [3][-]{subsubsection.3.2.7}{\376\377\000S\000p\000e\000c\000i\000f\000y\000\040\000M\000C\000M\000C\000\040\000s\000e\000t\000t\000i\000n\000g\000s\000\040\000a\000n\000d\000\040\000g\000e\000n\000e\000r\000a\000t\000e\000\040\000t\000h\000e\000\040\000X\000M\000L\000\040\000f\000i\000l\000e\000.}{subsection.3.2}% 16
\BOOKMARK [2][-]{subsection.3.3}{\376\377\000R\000u\000n\000n\000i\000n\000g\000\040\000t\000h\000e\000\040\000a\000n\000a\000l\000y\000s\000i\000s\000\040\000i\000n\000\040\000B\000E\000A\000S\000T\0002}{section.3}% 17
\BOOKMARK [2][-]{subsection.3.4}{\376\377\000A\000n\000a\000l\000y\000z\000i\000n\000g\000\040\000t\000h\000e\000\040\000o\000u\000t\000p\000u\000t}{section.3}% 18
\BOOKMARK [3][-]{subsubsection.3.4.1}{\376\377\000O\000u\000t\000p\000u\000t\000\040\000f\000i\000l\000e\000s}{subsection.3.4}% 19
\BOOKMARK [3][-]{subsubsection.3.4.2}{\376\377\000S\000u\000m\000m\000a\000r\000i\000s\000i\000n\000g\000\040\000t\000h\000e\000\040\000s\000p\000e\000c\000i\000e\000s\000\040\000t\000r\000e\000e\000\040\000u\000s\000i\000n\000g\000\040\000T\000r\000e\000e\000A\000n\000n\000o\000t\000a\000t\000o\000r\000.}{subsection.3.4}% 20
\BOOKMARK [3][-]{subsubsection.3.4.3}{\376\377\000V\000i\000s\000u\000a\000l\000i\000s\000i\000n\000g\000\040\000t\000h\000e\000\040\000s\000p\000e\000c\000i\000e\000s\000\040\000t\000r\000e\000e\000\040\000i\000n\000\040\000F\000i\000g\000T\000r\000e\000e\000.}{subsection.3.4}% 21
\BOOKMARK [2][-]{subsection.3.5}{\376\377\000R\000u\000n\000n\000i\000n\000g\000\040\000t\000h\000e\000\040\000p\000a\000t\000h\000\040\000s\000a\000m\000p\000l\000i\000n\000g\000\040\000a\000n\000a\000l\000y\000s\000i\000s\000\040\000w\000i\000t\000h\000\040\000B\000E\000A\000S\000T\0002}{section.3}% 22
\BOOKMARK [3][-]{subsubsection.3.5.1}{\376\377\000S\000e\000t\000t\000i\000n\000g\000\040\000u\000p\000\040\000f\000o\000r\000\040\000m\000a\000r\000g\000i\000n\000a\000l\000\040\000l\000i\000k\000e\000l\000i\000h\000o\000o\000d\000\040\000e\000s\000t\000i\000m\000a\000t\000i\000o\000n\000\040\000\050\000G\000U\000I\000\051}{subsection.3.5}% 23
\BOOKMARK [3][-]{subsubsection.3.5.2}{\376\377\000\040\000E\000d\000i\000t\000i\000n\000g\000\040\000t\000h\000e\000\040\000X\000M\000L\000\040\000f\000i\000l\000e\000\040\000f\000o\000r\000\040\000m\000a\000r\000g\000i\000n\000a\000l\000\040\000l\000i\000k\000e\000l\000i\000h\000o\000o\000d\000\040\000e\000s\000t\000i\000m\000a\000t\000i\000o\000n\000.}{subsection.3.5}% 24
\BOOKMARK [3][-]{subsubsection.3.5.3}{\376\377\000P\000a\000r\000a\000m\000e\000t\000e\000r\000s\000\040\000o\000f\000\040\000t\000h\000e\000\040\000a\000n\000a\000l\000y\000s\000i\000s}{subsection.3.5}% 25
\BOOKMARK [2][-]{subsection.3.6}{\376\377\000I\000n\000s\000p\000e\000c\000t\000i\000n\000g\000\040\000p\000a\000t\000h\000\040\000s\000a\000m\000p\000l\000i\000n\000g\000\040\000r\000e\000s\000u\000l\000t\000s}{section.3}% 26
\BOOKMARK [3][-]{subsubsection.3.6.1}{\376\377\000I\000n\000s\000p\000e\000c\000t\000i\000n\000g\000\040\000p\000a\000t\000h\000\040\000s\000a\000m\000p\000l\000i\000n\000g\000\040\000r\000e\000s\000u\000l\000t\000s\000.}{subsection.3.6}% 27
\BOOKMARK [2][-]{subsection.3.7}{\376\377\000C\000o\000m\000p\000a\000r\000i\000n\000g\000\040\000w\000i\000t\000h\000\040\000o\000t\000h\000e\000r\000\040\000s\000p\000e\000c\000i\000e\000s\000\040\000d\000e\000l\000i\000m\000i\000t\000a\000t\000i\000o\000n\000\040\000m\000o\000d\000e\000l\000s}{section.3}% 28
\BOOKMARK [3][-]{subsubsection.3.7.1}{\376\377\000S\000e\000t\000t\000i\000n\000g\000\040\000u\000p\000\040\000n\000e\000w\000\040\000X\000M\000L\000\040\000f\000i\000l\000e\000s\000\040\000f\000o\000r\000\040\000s\000p\000e\000c\000i\000e\000s\000\040\000d\000e\000l\000i\000m\000i\000t\000a\000t\000i\000o\000n\000.}{subsection.3.7}% 29
\BOOKMARK [3][-]{subsubsection.3.7.2}{\376\377\000C\000o\000m\000p\000a\000r\000i\000n\000g\000\040\000s\000p\000e\000c\000i\000e\000s\000\040\000d\000e\000l\000i\000m\000i\000t\000a\000t\000i\000o\000n\000\040\000m\000o\000d\000e\000l\000s\000\040\000w\000i\000t\000h\000\040\000B\000a\000y\000e\000s\000\040\000f\000a\000c\000t\000o\000r\000s\000.}{subsection.3.7}% 30
\BOOKMARK [1][-]{section.4}{\376\377\000U\000s\000e\000f\000u\000l\000\040\000L\000i\000n\000k\000s}{}% 31
