\BOOKMARK [1][-]{section.1}{\376\377\000B\000a\000c\000k\000g\000r\000o\000u\000n\000d}{}% 1
\BOOKMARK [1][-]{section.2}{\376\377\000P\000r\000o\000g\000r\000a\000m\000s\000\040\000u\000s\000e\000d\000\040\000i\000n\000\040\000t\000h\000i\000s\000\040\000E\000x\000e\000r\000c\000i\000s\000e}{}% 2
\BOOKMARK [2][-]{subsubsection.2.0.1}{\376\377\000B\000E\000A\000S\000T\0002\000\040\000-\000\040\000B\000a\000y\000e\000s\000i\000a\000n\000\040\000E\000v\000o\000l\000u\000t\000i\000o\000n\000a\000r\000y\000\040\000A\000n\000a\000l\000y\000s\000i\000s\000\040\000S\000a\000m\000p\000l\000i\000n\000g\000\040\000T\000r\000e\000e\000s\000\040\0002}{section.2}% 3
\BOOKMARK [3][-]{subsubsection.2.0.2}{\376\377\000B\000E\000A\000U\000t\000i\0002\000\040\000-\000\040\000B\000a\000y\000e\000s\000i\000a\000n\000\040\000E\000v\000o\000l\000u\000t\000i\000o\000n\000a\000r\000y\000\040\000A\000n\000a\000l\000y\000s\000i\000s\000\040\000U\000t\000i\000l\000i\000t\000y}{subsubsection.2.0.1}% 4
\BOOKMARK [3][-]{subsubsection.2.0.3}{\376\377\000T\000r\000e\000e\000A\000n\000n\000o\000t\000a\000t\000o\000r}{subsubsection.2.0.1}% 5
\BOOKMARK [3][-]{subsubsection.2.0.4}{\376\377\000T\000r\000a\000c\000e\000r}{subsubsection.2.0.1}% 6
\BOOKMARK [3][-]{subsubsection.2.0.5}{\376\377\000F\000i\000g\000T\000r\000e\000e}{subsubsection.2.0.1}% 7
\BOOKMARK [1][-]{section.3}{\376\377\000P\000r\000a\000c\000t\000i\000c\000a\000l\000:\000\040\000P\000a\000r\000a\000m\000e\000t\000e\000r\000\040\000a\000n\000d\000\040\000S\000t\000a\000t\000e\000\040\000i\000n\000f\000e\000r\000e\000n\000c\000e\000\040\000u\000s\000i\000n\000g\000\040\000t\000h\000e\000\040\000a\000p\000p\000r\000o\000x\000i\000m\000a\000t\000e\000\040\000s\000t\000r\000u\000c\000t\000u\000r\000e\000d\000\040\000c\000o\000a\000l\000e\000s\000c\000e\000n\000t}{}% 8
\BOOKMARK [2][-]{subsection.3.1}{\376\377\000S\000e\000t\000t\000i\000n\000g\000\040\000u\000p\000\040\000a\000n\000\040\000a\000n\000a\000l\000y\000s\000i\000s\000\040\000i\000n\000\040\000B\000E\000A\000U\000t\000i}{section.3}% 9
\BOOKMARK [3][-]{subsubsection.3.1.1}{\376\377\000D\000o\000w\000n\000l\000o\000a\000d\000\040\000M\000A\000S\000C\000O\000T}{subsection.3.1}% 10
\BOOKMARK [3][-]{subsubsection.3.1.2}{\376\377\000L\000o\000a\000d\000i\000n\000g\000\040\000t\000h\000e\000\040\000I\000n\000f\000l\000u\000e\000n\000z\000a\000\040\000A\000/\000H\0003\000N\0002\000\040\000S\000e\000q\000u\000e\000n\000c\000e\000s\000\040\000\050\000P\000a\000r\000t\000i\000t\000i\000o\000n\000s\000\051}{subsection.3.1}% 11
\BOOKMARK [3][-]{subsubsection.3.1.3}{\376\377\000G\000e\000t\000\040\000t\000h\000e\000\040\000s\000a\000m\000p\000l\000i\000n\000g\000\040\000t\000i\000m\000e\000s\000\040\000\050\000T\000i\000p\000\040\000D\000a\000t\000e\000s\000\051}{subsection.3.1}% 12
\BOOKMARK [3][-]{subsubsection.3.1.4}{\376\377\000S\000p\000e\000c\000i\000f\000y\000\040\000t\000h\000e\000\040\000S\000i\000t\000e\000\040\000M\000o\000d\000e\000l\000\040\000\050\000S\000i\000t\000e\000\040\000M\000o\000d\000e\000l\000\051}{subsection.3.1}% 13
\BOOKMARK [3][-]{subsubsection.3.1.5}{\376\377\000S\000e\000t\000\040\000t\000h\000e\000\040\000c\000l\000o\000c\000k\000\040\000m\000o\000d\000e\000l\000\040\000\050\000C\000l\000o\000c\000k\000\040\000M\000o\000d\000e\000l\000\051}{subsection.3.1}% 14
\BOOKMARK [3][-]{subsubsection.3.1.6}{\376\377\000G\000e\000t\000\040\000t\000h\000e\000\040\000s\000a\000m\000p\000l\000i\000n\000g\000\040\000l\000o\000c\000a\000t\000i\000o\000n\000s\000\040\000\050\000T\000i\000p\000\040\000L\000o\000c\000a\000t\000i\000o\000n\000s\000\051}{subsection.3.1}% 15
\BOOKMARK [3][-]{subsubsection.3.1.7}{\376\377\000S\000p\000e\000c\000i\000f\000y\000\040\000t\000h\000e\000\040\000p\000r\000i\000o\000r\000s\000\040\000\050\000P\000r\000i\000o\000r\000s\000\051}{subsection.3.1}% 16
\BOOKMARK [3][-]{subsubsection.3.1.8}{\376\377\000S\000p\000e\000c\000i\000f\000y\000\040\000t\000h\000e\000\040\000M\000C\000M\000C\000\040\000c\000h\000a\000i\000n\000\040\000l\000e\000n\000g\000t\000h\000\040\000\050\000M\000C\000M\000C\000\051}{subsection.3.1}% 17
\BOOKMARK [3][-]{subsubsection.3.1.9}{\376\377\000R\000u\000n\000\040\000t\000h\000e\000\040\000A\000n\000a\000l\000y\000s\000i\000s\000\040\000u\000s\000i\000n\000g\000\040\000B\000E\000A\000S\000T\0002}{subsection.3.1}% 18
\BOOKMARK [3][-]{subsubsection.3.1.10}{\376\377\000A\000n\000a\000l\000y\000s\000e\000\040\000t\000h\000e\000\040\000l\000o\000g\000\040\000f\000i\000l\000e\000\040\000u\000s\000i\000n\000g\000\040\000T\000r\000a\000c\000e\000r}{subsection.3.1}% 19
\BOOKMARK [3][-]{subsubsection.3.1.11}{\376\377\000M\000a\000k\000e\000\040\000t\000h\000e\000\040\000M\000C\000C\000\040\000t\000r\000e\000e\000\040\000u\000s\000i\000n\000g\000\040\000T\000r\000e\000e\000A\000n\000n\000o\000t\000a\000t\000o\000r}{subsection.3.1}% 20
\BOOKMARK [3][-]{subsubsection.3.1.12}{\376\377\000C\000h\000e\000c\000k\000\040\000t\000h\000e\000\040\000M\000C\000C\000\040\000t\000r\000e\000e\000\040\000u\000s\000i\000n\000g\000\040\000F\000i\000g\000T\000r\000e\000e}{subsection.3.1}% 21
\BOOKMARK [3][-]{subsubsection.3.1.13}{\376\377\000E\000r\000r\000o\000r\000s\000\040\000t\000h\000a\000t\000\040\000c\000a\000n\000\040\000o\000c\000c\000u\000r\000\040\000\050\000W\000o\000r\000k\000\040\000i\000n\000\040\000p\000r\000o\000g\000r\000e\000s\000s\000\051}{subsection.3.1}% 22
\BOOKMARK [1][-]{section.4}{\376\377\000U\000s\000e\000f\000u\000l\000\040\000L\000i\000n\000k\000s}{}% 23
