\BOOKMARK [1][-]{section.1}{Background}{}% 1
\BOOKMARK [1][-]{section.2}{Programs used in this Exercise}{}% 2
\BOOKMARK [2][-]{subsubsection.2.0.1}{BEAST2 - Bayesian Evolutionary Analysis Sampling Trees 2}{section.2}% 3
\BOOKMARK [3][-]{subsubsection.2.0.2}{BEAUti2 - Bayesian Evolutionary Analysis Utility}{subsubsection.2.0.1}% 4
\BOOKMARK [3][-]{subsubsection.2.0.3}{TreeAnnotator}{subsubsection.2.0.1}% 5
\BOOKMARK [3][-]{subsubsection.2.0.4}{Tracer}{subsubsection.2.0.1}% 6
\BOOKMARK [3][-]{subsubsection.2.0.5}{FigTree}{subsubsection.2.0.1}% 7
\BOOKMARK [3][-]{subsubsection.2.0.6}{DensiTree}{subsubsection.2.0.1}% 8
\BOOKMARK [1][-]{section.3}{Practical: Running a simple analysis with BEAST2}{}% 9
\BOOKMARK [2][-]{subsection.3.1}{The Data}{section.3}% 10
\BOOKMARK [2][-]{subsection.3.2}{Creating the Analysis File with BEAUti}{section.3}% 11
\BOOKMARK [3][-]{subsubsection.3.2.1}{Importing the alignment}{subsection.3.2}% 12
\BOOKMARK [3][-]{subsubsection.3.2.2}{Setting up shared models}{subsection.3.2}% 13
\BOOKMARK [3][-]{subsubsection.3.2.3}{Setting the substitution model}{subsection.3.2}% 14
\BOOKMARK [3][-]{subsubsection.3.2.4}{Setting the clock model}{subsection.3.2}% 15
\BOOKMARK [3][-]{subsubsection.3.2.5}{Setting priors}{subsection.3.2}% 16
\BOOKMARK [3][-]{subsubsection.3.2.6}{Adding a calibration node}{subsection.3.2}% 17
\BOOKMARK [3][-]{subsubsection.3.2.7}{Setting the MCMC options}{subsection.3.2}% 18
\BOOKMARK [3][-]{subsubsection.3.2.8}{Generating the XML file}{subsection.3.2}% 19
\BOOKMARK [2][-]{subsection.3.3}{Running the analysis}{section.3}% 20
\BOOKMARK [2][-]{subsection.3.4}{Analysing the results}{section.3}% 21
\BOOKMARK [3][-]{subsubsection.3.4.1}{Analysing the posterior estimate quality}{subsection.3.4}% 22
\BOOKMARK [3][-]{subsubsection.3.4.2}{Analysing tree estimates}{subsection.3.4}% 23
\BOOKMARK [3][-]{subsubsection.3.4.3}{Visualising the tree estimate}{subsection.3.4}% 24
\BOOKMARK [3][-]{subsubsection.3.4.4}{Visualising tree posteriors \(optional\)}{subsection.3.4}% 25
\BOOKMARK [1][-]{section.4}{Acknowledgment}{}% 26
\BOOKMARK [1][-]{section.5}{Useful Links}{}% 27
