\BOOKMARK [1][-]{section.1}{\376\377\000B\000a\000c\000k\000g\000r\000o\000u\000n\000d}{}% 1
\BOOKMARK [2][-]{subsection.1.1}{\376\377\000M\000o\000d\000e\000l\000i\000n\000g\000\040\000l\000i\000n\000e\000a\000g\000e\000-\000s\000p\000e\000c\000i\000f\000i\000c\000\040\000s\000u\000b\000s\000t\000i\000t\000u\000t\000i\000o\000n\000\040\000r\000a\000t\000e\000s}{section.1}% 2
\BOOKMARK [2][-]{subsection.1.2}{\376\377\000P\000r\000i\000o\000r\000s\000\040\000o\000n\000\040\000n\000o\000d\000e\000\040\000t\000i\000m\000e\000s}{section.1}% 3
\BOOKMARK [2][-]{subsection.1.3}{\376\377\000C\000a\000l\000i\000b\000r\000a\000t\000i\000o\000n\000\040\000t\000o\000\040\000a\000b\000s\000o\000l\000u\000t\000e\000\040\000t\000i\000m\000e}{section.1}% 4
\BOOKMARK [2][-]{subsection.1.4}{\376\377\000I\000n\000t\000e\000g\000r\000a\000t\000i\000n\000g\000\040\000F\000o\000s\000s\000i\000l\000\040\000O\000c\000c\000u\000r\000r\000e\000n\000c\000e\000\040\000T\000i\000m\000e\000s\000\040\000i\000n\000\040\000t\000h\000e\000\040\000S\000p\000e\000c\000i\000a\000t\000i\000o\000n\000\040\000M\000o\000d\000e\000l}{section.1}% 5
\BOOKMARK [3][-]{subsubsection.1.4.1}{\376\377\000T\000h\000e\000\040\000F\000o\000s\000s\000i\000l\000i\000z\000e\000d\000\040\000B\000i\000r\000t\000h\000-\000D\000e\000a\000t\000h\000\040\000P\000r\000o\000c\000e\000s\000s}{subsection.1.4}% 6
\BOOKMARK [1][-]{section.2}{\376\377\000P\000r\000o\000g\000r\000a\000m\000s\000\040\000u\000s\000e\000d\000\040\000i\000n\000\040\000t\000h\000i\000s\000\040\000E\000x\000e\000r\000c\000i\000s\000e}{}% 7
\BOOKMARK [1][-]{section.3}{\376\377\000P\000r\000a\000c\000t\000i\000c\000a\000l\000:\000\040\000D\000i\000v\000e\000r\000g\000e\000n\000c\000e\000\040\000T\000i\000m\000e\000\040\000E\000s\000t\000i\000m\000a\000t\000i\000o\000n}{}% 8
\BOOKMARK [2][-]{subsection.3.1}{\376\377\000T\000h\000e\000\040\000D\000a\000t\000a}{section.3}% 9
\BOOKMARK [2][-]{subsection.3.2}{\376\377\000C\000r\000e\000a\000t\000i\000n\000g\000\040\000t\000h\000e\000\040\000A\000n\000a\000l\000y\000s\000i\000s\000\040\000F\000i\000l\000e\000\040\000w\000i\000t\000h\000\040\000B\000E\000A\000U\000t\000i}{section.3}% 10
\BOOKMARK [3][-]{subsubsection.3.2.1}{\376\377\000I\000n\000s\000t\000a\000l\000l\000\040\000B\000E\000A\000S\000T\000\040\0002\000\040\000P\000l\000u\000g\000-\000I\000n\000s}{subsection.3.2}% 11
\BOOKMARK [3][-]{subsubsection.3.2.2}{\376\377\000I\000m\000p\000o\000r\000t\000\040\000A\000l\000i\000g\000n\000m\000e\000n\000t\000s}{subsection.3.2}% 12
\BOOKMARK [3][-]{subsubsection.3.2.3}{\376\377\000S\000e\000t\000\040\000T\000i\000p\000\040\000D\000a\000t\000e\000s}{subsection.3.2}% 13
\BOOKMARK [3][-]{subsubsection.3.2.4}{\376\377\000S\000p\000e\000c\000i\000f\000y\000\040\000t\000h\000e\000\040\000S\000i\000t\000e\000s\000\040\000M\000o\000d\000e\000l}{subsection.3.2}% 14
\BOOKMARK [3][-]{subsubsection.3.2.5}{\376\377\000T\000h\000e\000\040\000C\000l\000o\000c\000k\000\040\000M\000o\000d\000e\000l}{subsection.3.2}% 15
\BOOKMARK [3][-]{subsubsection.3.2.6}{\376\377\000P\000r\000i\000o\000r\000s\000\040\000o\000n\000\040\000P\000a\000r\000a\000m\000e\000t\000e\000r\000s\000\040\000o\000f\000\040\000t\000h\000e\000\040\000S\000i\000t\000e\000\040\000M\000o\000d\000e\000l\000s}{subsection.3.2}% 16
\BOOKMARK [3][-]{subsubsection.3.2.7}{\376\377\000P\000r\000i\000o\000r\000s\000\040\000f\000o\000r\000\040\000t\000h\000e\000\040\000C\000l\000o\000c\000k\000\040\000M\000o\000d\000e\000l}{subsection.3.2}% 17
\BOOKMARK [3][-]{subsubsection.3.2.8}{\376\377\000T\000h\000e\000\040\000T\000r\000e\000e\000\040\000P\000r\000i\000o\000r}{subsection.3.2}% 18
\BOOKMARK [3][-]{subsubsection.3.2.9}{\376\377\000C\000r\000e\000a\000t\000i\000n\000g\000\040\000T\000a\000x\000o\000n\000\040\000S\000e\000t\000s}{subsection.3.2}% 19
\BOOKMARK [3][-]{subsubsection.3.2.10}{\376\377\000S\000a\000m\000p\000l\000i\000n\000g\000\040\000t\000h\000e\000\040\000f\000o\000s\000s\000i\000l\000\040\000a\000g\000e\000s}{subsection.3.2}% 20
\BOOKMARK [3][-]{subsubsection.3.2.11}{\376\377\000O\000t\000h\000e\000r\000\040\000B\000E\000A\000U\000t\000i\000\040\000O\000p\000t\000i\000o\000n\000s}{subsection.3.2}% 21
\BOOKMARK [3][-]{subsubsection.3.2.12}{\376\377\000S\000e\000t\000\040\000M\000C\000M\000C\000\040\000O\000p\000t\000i\000o\000n\000s\000\040\000a\000n\000d\000\040\000S\000a\000v\000e\000\040\000t\000h\000e\000\040\000X\000M\000L\000\040\000F\000i\000l\000e}{subsection.3.2}% 22
\BOOKMARK [2][-]{subsection.3.3}{\376\377\000M\000a\000k\000i\000n\000g\000\040\000c\000h\000a\000n\000g\000e\000s\000\040\000i\000n\000\040\000t\000h\000e\000\040\000X\000M\000L\000\040\000f\000i\000l\000e}{section.3}% 23
\BOOKMARK [2][-]{subsection.3.4}{\376\377\000R\000u\000n\000n\000i\000n\000g\000\040\000B\000E\000A\000S\000T\000\040\0002}{section.3}% 24
\BOOKMARK [2][-]{subsection.3.5}{\376\377\000S\000u\000m\000m\000a\000r\000i\000z\000i\000n\000g\000\040\000t\000h\000e\000\040\000o\000u\000t\000p\000u\000t}{section.3}% 25
\BOOKMARK [3][-]{subsubsection.3.5.1}{\376\377\000T\000r\000a\000c\000e\000r}{subsection.3.5}% 26
\BOOKMARK [3][-]{subsubsection.3.5.2}{\376\377\000S\000u\000m\000m\000a\000r\000i\000z\000i\000n\000g\000\040\000t\000h\000e\000\040\000T\000r\000e\000e\000s\000\040\000i\000n\000\040\000T\000r\000e\000e\000a\000n\000n\000o\000t\000a\000t\000o\000r}{subsection.3.5}% 27
\BOOKMARK [3][-]{subsubsection.3.5.3}{\376\377\000V\000i\000s\000u\000a\000l\000i\000z\000i\000n\000g\000\040\000t\000h\000e\000\040\000D\000a\000t\000e\000d\000\040\000T\000r\000e\000e}{subsection.3.5}% 28
\BOOKMARK [3][-]{subsubsection.3.5.4}{\376\377\000A\000n\000a\000l\000y\000s\000i\000s\000\040\000o\000f\000\040\000S\000a\000m\000p\000l\000e\000d\000\040\000A\000n\000c\000e\000s\000t\000o\000r\000s}{subsection.3.5}% 29
\BOOKMARK [3][-]{subsubsection.3.5.5}{\376\377\000V\000i\000s\000u\000a\000l\000i\000z\000i\000n\000g\000\040\000t\000h\000e\000\040\000D\000a\000t\000e\000d\000\040\000T\000r\000e\000e\000\040\000o\000n\000\040\000a\000\040\000G\000e\000o\000l\000o\000g\000i\000c\000a\000l\000\040\000T\000i\000m\000e\000\040\000S\000c\000a\000l\000e\000*}{subsection.3.5}% 30
\BOOKMARK [1][-]{section.4}{\376\377\000M\000o\000r\000e\000\040\000w\000i\000t\000h\000\040\000X\000M\000L\000\040\040\023\000\040\000c\000h\000a\000n\000g\000i\000n\000g\000\040\000t\000h\000e\000\040\000F\000B\000D\000\040\000p\000a\000r\000a\000m\000e\000t\000e\000r\000i\000z\000a\000t\000i\000o\000n}{}% 31
\BOOKMARK [1][-]{section.5}{\376\377\000M\000o\000r\000e\000\040\000w\000i\000t\000h\000\040\000X\000M\000L\000\040\040\023\000\040\000f\000u\000l\000l\000y\000\040\000e\000x\000t\000i\000n\000c\000t\000\040\000c\000l\000a\000d\000e\000s}{}% 32
\BOOKMARK [1][-]{section.6}{\376\377\000U\000s\000e\000f\000u\000l\000\040\000L\000i\000n\000k\000s}{}% 33
