\BOOKMARK [1][-]{section.1}{Background}{}% 1
\BOOKMARK [1][-]{section.2}{Programs used in this Exercise}{}% 2
\BOOKMARK [2][-]{subsubsection.2.0.1}{BEAST2 - Bayesian Evolutionary Analysis Sampling Trees 2}{section.2}% 3
\BOOKMARK [3][-]{subsubsection.2.0.2}{BEAUti \205 Bayesian Evolutionary Analysis Utility}{subsubsection.2.0.1}% 4
\BOOKMARK [3][-]{subsubsection.2.0.3}{TreeAnnotator}{subsubsection.2.0.1}% 5
\BOOKMARK [3][-]{subsubsection.2.0.4}{Tracer}{subsubsection.2.0.1}% 6
\BOOKMARK [1][-]{section.3}{Practical: Lineage-specific Birth and Death Rate Inference Under the ClaDS Model}{}% 7
\BOOKMARK [2][-]{subsection.3.1}{Dataset}{section.3}% 8
\BOOKMARK [2][-]{subsection.3.2}{Setting up the XML file}{section.3}% 9
\BOOKMARK [3][-]{subsubsection.3.2.1}{Package installation}{subsection.3.2}% 10
\BOOKMARK [3][-]{subsubsection.3.2.2}{Setting the templates}{subsection.3.2}% 11
\BOOKMARK [3][-]{subsubsection.3.2.3}{Importing the alignment}{subsection.3.2}% 12
\BOOKMARK [3][-]{subsubsection.3.2.4}{Linking the tree and clock model}{subsection.3.2}% 13
\BOOKMARK [3][-]{subsubsection.3.2.5}{Setting up the substitution models}{subsection.3.2}% 14
\BOOKMARK [3][-]{subsubsection.3.2.6}{Setting priors}{subsection.3.2}% 15
\BOOKMARK [3][-]{subsubsection.3.2.7}{The tree prior}{subsection.3.2}% 16
\BOOKMARK [3][-]{subsubsection.3.2.8}{The parameter priors}{subsection.3.2}% 17
\BOOKMARK [3][-]{subsubsection.3.2.9}{MCMC options}{subsection.3.2}% 18
\BOOKMARK [2][-]{subsection.3.3}{Running the analysis in BEAST2}{section.3}% 19
\BOOKMARK [2][-]{subsection.3.4}{Analyzing the output}{section.3}% 20
\BOOKMARK [3][-]{subsubsection.3.4.1}{Output files}{subsection.3.4}% 21
\BOOKMARK [3][-]{subsubsection.3.4.2}{Analyzing the log files}{subsection.3.4}% 22
\BOOKMARK [3][-]{subsubsection.3.4.3}{Analyzing the trees}{subsection.3.4}% 23
\BOOKMARK [1][-]{section.4}{Useful Links}{}% 24
